<?xml version="1.0" encoding="UTF-8"?>
<!-- Generated by org.testng.reporters.JUnitXMLReporter -->
<testsuite hostname="ad-PC" name="check" tests="12" failures="0" timestamp="24 Jul 2017 09:52:44 GMT" time="0.097" errors="0">
  <testcase name="cc2_1" time="0.027" classname="com.package3.Cupcake2"/>
  <testcase name="cc2_2" time="0.001" classname="com.package3.Cupcake2"/>
  <testcase name="cc2_3" time="0.001" classname="com.package3.Cupcake2"/>
  <testcase name="app1_1" time="0.002" classname="com.package1.Apple1"/>
  <testcase name="app1_2" time="0.001" classname="com.package1.Apple1"/>
  <testcase name="app1_3" time="0.001" classname="com.package1.Apple1"/>
  <testcase name="app2_1" time="0.001" classname="com.package1.Apple2"/>
  <testcase name="app2_2" time="0.001" classname="com.package1.Apple2"/>
  <testcase name="app2_3" time="0.001" classname="com.package1.Apple2"/>
  <testcase name="app3_1" time="0.001" classname="com.package1.Apple3"/>
  <testcase name="app3_2" time="0.0" classname="com.package1.Apple3"/>
  <testcase name="app3_3" time="0.0" classname="com.package1.Apple3"/>
</testsuite> <!-- check -->
