<?xml version="1.0" encoding="UTF-8"?>
<!-- Generated by org.testng.reporters.JUnitXMLReporter -->
<testsuite hostname="ad-PC" name="preserve test" tests="9" failures="0" timestamp="26 Jul 2017 06:47:06 GMT" time="0.094" errors="0">
  <testcase name="cc1_1" time="0.038" classname="com.package3.Cupcake1"/>
  <testcase name="cc1_2" time="0.001" classname="com.package3.Cupcake1"/>
  <testcase name="cc1_3" time="0.001" classname="com.package3.Cupcake1"/>
  <testcase name="cc2_1" time="0.0" classname="com.package3.Cupcake2"/>
  <testcase name="cc2_2" time="0.0" classname="com.package3.Cupcake2"/>
  <testcase name="cc2_3" time="0.001" classname="com.package3.Cupcake2"/>
  <testcase name="cc3_1" time="0.001" classname="com.package3.Cupcake3"/>
  <testcase name="cc3_2" time="0.001" classname="com.package3.Cupcake3"/>
  <testcase name="cc3_3" time="0.001" classname="com.package3.Cupcake3"/>
</testsuite> <!-- preserve test -->
